Platanus version: 1.2.4
platanus assemble -o Poil -f sub1.fastq.trimmed sub2.fastq.trimmed 

K = 32, saving kmers from reads...
AVE_READ_LEN=97.5784

KMER_EXTENSION:
K=32, KMER_COVERAGE=159.929 (>= 32), COVERAGE_CUTOFF=32
K=42, KMER_COVERAGE=135.908, COVERAGE_CUTOFF=32, PROB_SPLIT=10e-inf
K=52, KMER_COVERAGE=111.887, COVERAGE_CUTOFF=32, PROB_SPLIT=10e-inf
K=62, KMER_COVERAGE=87.8656, COVERAGE_CUTOFF=32, PROB_SPLIT=10e-10.5898
K=72, KMER_COVERAGE=63.8445, COVERAGE_CUTOFF=18, PROB_SPLIT=10e-10.4186
K=82, KMER_COVERAGE=39.8233, COVERAGE_CUTOFF=6, PROB_SPLIT=10e-10.2756
K=86, KMER_COVERAGE=30.2148, COVERAGE_CUTOFF=2, PROB_SPLIT=10e-10.9288
K=87, KMER_COVERAGE=27.8127, COVERAGE_CUTOFF=2, PROB_SPLIT=10e-10.3183
loading kmers...
connecting kmers...
removing branches...
BRANCH_DELETE_THRESHOLD=0.5
NUM_CUT=67
NUM_CUT=0
TOTAL_NUM_CUT=67
mapping reads on de Bruijn Graph nodes...
TOTAL_MAPPED_READS=8641634
TOTAL_UNMAPPED_READS=943069
TOTAL_SHORT_READS(<32)=41728
NUM_DELETE_NODE(reads are unmapped)=62
NUM_CUT_NODE=11
extracting reads (containing kmer used in contig assemble)...
K = 42, loading kmers from contigs...
K = 42, saving additional kmers(not found in contigs) from reads...
COVERAGE_CUTOFF = 32
loading kmers...
connecting kmers...
removing branches...
BRANCH_DELETE_THRESHOLD=0.5
NUM_CUT=13
NUM_CUT=0
TOTAL_NUM_CUT=13
mapping reads on de Bruijn Graph nodes...
TOTAL_MAPPED_READS=8588017
TOTAL_UNMAPPED_READS=934732
TOTAL_SHORT_READS(<42)=103682
NUM_DELETE_NODE(reads are unmapped)=16
NUM_CUT_NODE=8
extracting reads (containing kmer used in contig assemble)...
K = 52, loading kmers from contigs...
K = 52, saving additional kmers(not found in contigs) from reads...
COVERAGE_CUTOFF = 32
loading kmers...
connecting kmers...
removing branches...
BRANCH_DELETE_THRESHOLD=0.5
NUM_CUT=10
NUM_CUT=0
TOTAL_NUM_CUT=10
mapping reads on de Bruijn Graph nodes...
TOTAL_MAPPED_READS=8528795
TOTAL_UNMAPPED_READS=924252
TOTAL_SHORT_READS(<52)=173384
NUM_DELETE_NODE(reads are unmapped)=7
NUM_CUT_NODE=6
extracting reads (containing kmer used in contig assemble)...
K = 62, loading kmers from contigs...
K = 62, saving additional kmers(not found in contigs) from reads...
COVERAGE_CUTOFF = 32
loading kmers...
connecting kmers...
removing branches...
BRANCH_DELETE_THRESHOLD=0.5
NUM_CUT=8
NUM_CUT=0
TOTAL_NUM_CUT=8
mapping reads on de Bruijn Graph nodes...
TOTAL_MAPPED_READS=8457716
TOTAL_UNMAPPED_READS=908349
TOTAL_SHORT_READS(<62)=260366
NUM_DELETE_NODE(reads are unmapped)=7
NUM_CUT_NODE=9
extracting reads (containing kmer used in contig assemble)...
K = 72, loading kmers from contigs...
K = 72, saving additional kmers(not found in contigs) from reads...
COVERAGE_CUTOFF = 18
loading kmers...
connecting kmers...
removing branches...
BRANCH_DELETE_THRESHOLD=0.5
NUM_CUT=21
NUM_CUT=0
TOTAL_NUM_CUT=21
mapping reads on de Bruijn Graph nodes...
TOTAL_MAPPED_READS=8360645
TOTAL_UNMAPPED_READS=882875
TOTAL_SHORT_READS(<72)=382911
NUM_DELETE_NODE(reads are unmapped)=12
NUM_CUT_NODE=7
extracting reads (containing kmer used in contig assemble)...
K = 82, loading kmers from contigs...
K = 82, saving additional kmers(not found in contigs) from reads...
COVERAGE_CUTOFF = 6
loading kmers...
connecting kmers...
removing branches...
BRANCH_DELETE_THRESHOLD=0.5
NUM_CUT=82
NUM_CUT=0
TOTAL_NUM_CUT=82
mapping reads on de Bruijn Graph nodes...
TOTAL_MAPPED_READS=8211599
TOTAL_UNMAPPED_READS=844022
TOTAL_SHORT_READS(<82)=570810
NUM_DELETE_NODE(reads are unmapped)=11
NUM_CUT_NODE=17
extracting reads (containing kmer used in contig assemble)...
K = 86, loading kmers from contigs...
K = 86, saving additional kmers(not found in contigs) from reads...
COVERAGE_CUTOFF = 2
loading kmers...
connecting kmers...
removing branches...
BRANCH_DELETE_THRESHOLD=0.5
NUM_CUT=239
NUM_CUT=3
NUM_CUT=0
TOTAL_NUM_CUT=242
mapping reads on de Bruijn Graph nodes...
TOTAL_MAPPED_READS=8122450
TOTAL_UNMAPPED_READS=821047
TOTAL_SHORT_READS(<86)=682934
NUM_DELETE_NODE(reads are unmapped)=28
NUM_CUT_NODE=41
extracting reads (containing kmer used in contig assemble)...
K = 87, loading kmers from contigs...
K = 87, saving additional kmers(not found in contigs) from reads...
COVERAGE_CUTOFF = 2
loading kmers...
connecting kmers...
removing branches...
BRANCH_DELETE_THRESHOLD=0.5
NUM_CUT=141
NUM_CUT=2
NUM_CUT=0
TOTAL_NUM_CUT=143
LENGTH_CUTOFF = 174
COVERAGE_CUTOFF = 4
removing erroneous nodes...
NUM_REMOVED_NODES=23
NUM_REMOVED_NODES=3
NUM_REMOVED_NODES=0
TOTAL_NUM_REMOVED_NODES=26
AVE_KMER_COV_REMOVING_BUBBLE=27.7745
removing bubbles...
BUBBLE_IDENTITY_THRESHOLD=0.1
NUM_REMOVED_BUBBLES=0
TOTAL_NUM_REMOVED_BUBBLES=0
mapping reads on de Bruijn Graph nodes...
TOTAL_MAPPED_READS=8095356
TOTAL_UNMAPPED_READS=814520
TOTAL_SHORT_READS(<87)=716555
NUM_DELETE_NODE(reads are unmapped)=0
NUM_CUT_NODE=16
assemble completed!

#### PROCESS INFORMATION ####
VmPeak:          14.188 GByte
VmHWM:            4.649 GByte
